{
  "RSpec": {
    "coverage": {
      "/Users/chazsimons/turing/3mod/projects/bragging_rights/bragging-rights-be/app/facades/locations_facade.rb": {
        "lines": [
          1,
          1,
          8,
          null,
          null
        ]
      },
      "/Users/chazsimons/turing/3mod/projects/bragging_rights/bragging-rights-be/spec/facades/questions_facade_spec.rb": {
        "lines": [
          1,
          null,
          1,
          1,
          1,
          1,
          null,
          1,
          1,
          1,
          null,
          null,
          null
        ]
      },
      "/Users/chazsimons/turing/3mod/projects/bragging_rights/bragging-rights-be/app/facades/questions_facade.rb": {
        "lines": [
          1,
          1,
          3,
          3,
          150,
          150,
          150,
          null,
          null,
          null
        ]
      },
      "/Users/chazsimons/turing/3mod/projects/bragging_rights/bragging-rights-be/spec/models/score_spec.rb": {
        "lines": [
          1,
          null,
          1,
          1,
          4,
          4,
          null,
          null,
          null,
          null,
          null,
          null,
          4,
          null,
          null,
          null,
          null,
          null,
          null,
          4,
          null,
          null,
          null,
          null,
          null,
          null,
          4,
          null,
          null,
          null,
          null,
          null,
          null,
          4,
          null,
          null,
          null,
          null,
          null,
          null,
          4,
          null,
          null,
          null,
          null,
          null,
          null,
          4,
          null,
          null,
          null,
          null,
          null,
          null,
          null,
          1,
          1,
          1,
          null,
          1,
          null,
          null,
          1,
          1,
          null,
          1,
          3,
          null,
          1,
          null,
          null,
          1,
          1,
          null,
          1,
          4,
          null,
          1,
          null,
          null,
          1,
          1,
          1,
          5,
          null,
          1,
          1,
          1,
          null,
          null,
          null
        ]
      },
      "/Users/chazsimons/turing/3mod/projects/bragging_rights/bragging-rights-be/app/models/score.rb": {
        "lines": [
          1,
          1,
          1,
          null,
          1,
          8,
          8,
          5,
          3,
          2,
          null,
          1,
          null,
          null,
          null
        ]
      },
      "/Users/chazsimons/turing/3mod/projects/bragging_rights/bragging-rights-be/app/models/application_record.rb": {
        "lines": [
          1,
          1,
          null
        ]
      },
      "/Users/chazsimons/turing/3mod/projects/bragging_rights/bragging-rights-be/spec/poros/location_spec.rb": {
        "lines": [
          1,
          null,
          1,
          1,
          2,
          null,
          null,
          null,
          null,
          null,
          null,
          1,
          1,
          1,
          null,
          null,
          1,
          1,
          1,
          1,
          null,
          null,
          null
        ]
      },
      "/Users/chazsimons/turing/3mod/projects/bragging_rights/bragging-rights-be/app/poros/location.rb": {
        "lines": [
          1,
          1,
          null,
          null,
          null,
          null,
          1,
          10,
          10,
          10,
          null,
          null
        ]
      },
      "/Users/chazsimons/turing/3mod/projects/bragging_rights/bragging-rights-be/spec/poros/question_spec.rb": {
        "lines": [
          1,
          null,
          1,
          1,
          1,
          null,
          null,
          null,
          null,
          null,
          null,
          1,
          null,
          null,
          1,
          1,
          null,
          null,
          null,
          null,
          null,
          null,
          1,
          1,
          1,
          1,
          1,
          null,
          1,
          null,
          null
        ]
      },
      "/Users/chazsimons/turing/3mod/projects/bragging_rights/bragging-rights-be/spec/requests/api/v1/locations_request_spec.rb": {
        "lines": [
          1,
          null,
          1,
          1,
          1,
          null,
          1,
          1,
          null,
          1,
          1,
          null,
          1,
          null,
          1,
          1,
          1,
          1,
          1,
          1,
          null,
          null
        ]
      },
      "/Users/chazsimons/turing/3mod/projects/bragging_rights/bragging-rights-be/spec/requests/api/v1/question_request_spec.rb": {
        "lines": [
          1,
          null,
          1,
          1,
          1,
          null,
          1,
          null,
          1,
          null,
          1,
          1,
          5,
          5,
          5,
          5,
          5,
          5,
          5,
          5,
          null,
          null,
          null
        ]
      },
      "/Users/chazsimons/turing/3mod/projects/bragging_rights/bragging-rights-be/spec/requests/api/v1/scores_request_spec.rb": {
        "lines": [
          1,
          null,
          1,
          1,
          4,
          null,
          null,
          null,
          null,
          null,
          4,
          null,
          null,
          null,
          null,
          null,
          4,
          null,
          null,
          null,
          null,
          null,
          4,
          null,
          null,
          null,
          null,
          null,
          null,
          4,
          null,
          null,
          null,
          null,
          null,
          4,
          null,
          null,
          null,
          null,
          null,
          4,
          null,
          null,
          null,
          null,
          null,
          4,
          null,
          null,
          null,
          null,
          null,
          4,
          null,
          null,
          null,
          null,
          null,
          4,
          null,
          null,
          null,
          null,
          null,
          null,
          null,
          1,
          1,
          null,
          null,
          1,
          1,
          1,
          null,
          1,
          3,
          3,
          3,
          3,
          3,
          3,
          null,
          null,
          1,
          null,
          null,
          1,
          1,
          1,
          null,
          1,
          3,
          3,
          3,
          3,
          3,
          3,
          null,
          null,
          1,
          null,
          1,
          null,
          1,
          null,
          1,
          5,
          5,
          5,
          5,
          5,
          5,
          null,
          null,
          null,
          1,
          1,
          null,
          null,
          1,
          null,
          1,
          null,
          1,
          null,
          1,
          1,
          1,
          1,
          1,
          1,
          1,
          1,
          1,
          1,
          1,
          null,
          null,
          null,
          1,
          1,
          1,
          null,
          1,
          null,
          null,
          1,
          null,
          1,
          1,
          1,
          1,
          null,
          null,
          1,
          1,
          1,
          null,
          1,
          null,
          null,
          1,
          1,
          1,
          null,
          null
        ]
      },
      "/Users/chazsimons/turing/3mod/projects/bragging_rights/bragging-rights-be/spec/services/locations_service_spec.rb": {
        "lines": [
          1,
          null,
          1,
          1,
          1,
          null,
          null,
          1,
          1,
          1,
          null,
          1,
          1,
          1,
          1,
          null,
          null
        ]
      },
      "/Users/chazsimons/turing/3mod/projects/bragging_rights/bragging-rights-be/app/services/locations_service.rb": {
        "lines": [
          1,
          1,
          1,
          10,
          null,
          null,
          1,
          9,
          9,
          null,
          null,
          null
        ]
      },
      "/Users/chazsimons/turing/3mod/projects/bragging_rights/bragging-rights-be/spec/services/questions_service_spec.rb": {
        "lines": [
          1,
          null,
          1,
          1,
          1,
          1,
          null,
          1,
          null,
          null,
          null
        ]
      },
      "/Users/chazsimons/turing/3mod/projects/bragging_rights/bragging-rights-be/app/services/questions_service.rb": {
        "lines": [
          1,
          1,
          1,
          3,
          null,
          null,
          1,
          3,
          null,
          null,
          1,
          4,
          null,
          null,
          1,
          3,
          null,
          null,
          null
        ]
      },
      "/Users/chazsimons/turing/3mod/projects/bragging_rights/bragging-rights-be/app/poros/question.rb": {
        "lines": [
          1,
          1,
          null,
          null,
          null,
          null,
          null,
          null,
          null,
          null,
          1,
          152,
          152,
          152,
          null,
          null,
          152,
          152,
          152,
          152,
          null,
          null,
          1,
          152,
          152,
          152,
          152,
          null,
          null,
          1,
          152,
          608,
          null,
          null,
          null
        ]
      },
      "/Users/chazsimons/turing/3mod/projects/bragging_rights/bragging-rights-be/app/controllers/api/v1/locations_controller.rb": {
        "lines": [
          1,
          1,
          1,
          1,
          null,
          null
        ]
      },
      "/Users/chazsimons/turing/3mod/projects/bragging_rights/bragging-rights-be/app/controllers/application_controller.rb": {
        "lines": [
          1,
          null
        ]
      },
      "/Users/chazsimons/turing/3mod/projects/bragging_rights/bragging-rights-be/app/serializers/location_serializer.rb": {
        "lines": [
          1,
          1,
          null,
          1,
          null
        ]
      },
      "/Users/chazsimons/turing/3mod/projects/bragging_rights/bragging-rights-be/app/controllers/api/v1/questions_controller.rb": {
        "lines": [
          1,
          null,
          1,
          1,
          1,
          null,
          null
        ]
      },
      "/Users/chazsimons/turing/3mod/projects/bragging_rights/bragging-rights-be/app/serializers/question_serializer.rb": {
        "lines": [
          1,
          1,
          null,
          1,
          null,
          null,
          null,
          null
        ]
      },
      "/Users/chazsimons/turing/3mod/projects/bragging_rights/bragging-rights-be/app/controllers/api/v1/scores_controller.rb": {
        "lines": [
          1,
          1,
          4,
          4,
          null,
          null,
          1,
          2,
          2,
          null,
          1,
          null,
          null,
          null,
          null,
          1,
          null,
          1,
          2,
          2,
          2,
          2,
          2,
          null,
          null,
          1,
          4,
          4,
          1,
          3,
          1,
          2,
          1,
          null,
          null,
          null
        ]
      },
      "/Users/chazsimons/turing/3mod/projects/bragging_rights/bragging-rights-be/app/serializers/score_serializer.rb": {
        "lines": [
          1,
          1,
          null,
          1,
          null
        ]
      }
    },
    "timestamp": 1642121178
  }
}
